INFO  2022-05-19 22:02:12,481 [1] System.Object - Start up time: 00:00:00.0782035

INFO  2022-05-19 22:02:18,738 [1] Microsoft.EntityFrameworkCore.Infrastructure - Entity Framework Core 5.0.9 initialized 'PatientDbContext' using provider 'Microsoft.EntityFrameworkCore.SqlServer' with options: None

INFO  2022-05-19 22:02:19,074 [1] Microsoft.EntityFrameworkCore.Database.Command - Executed DbCommand (32ms) [Parameters=[], CommandType='Text', CommandTimeout='30']
SELECT 1

INFO  2022-05-19 22:02:19,107 [1] Microsoft.EntityFrameworkCore.Database.Command - Executed DbCommand (19ms) [Parameters=[], CommandType='Text', CommandTimeout='30']
SELECT OBJECT_ID(N'[__EFMigrationsHistory]');

INFO  2022-05-19 22:02:19,113 [1] Microsoft.EntityFrameworkCore.Database.Command - Executed DbCommand (2ms) [Parameters=[], CommandType='Text', CommandTimeout='30']
SELECT 1

INFO  2022-05-19 22:02:19,117 [1] Microsoft.EntityFrameworkCore.Database.Command - Executed DbCommand (1ms) [Parameters=[], CommandType='Text', CommandTimeout='30']
SELECT OBJECT_ID(N'[__EFMigrationsHistory]');

INFO  2022-05-19 22:02:19,133 [1] Microsoft.EntityFrameworkCore.Database.Command - Executed DbCommand (1ms) [Parameters=[], CommandType='Text', CommandTimeout='30']
SELECT [MigrationId], [ProductVersion]
FROM [__EFMigrationsHistory]
ORDER BY [MigrationId];

INFO  2022-05-19 22:02:19,154 [1] Microsoft.EntityFrameworkCore.Migrations - No migrations were applied. The database is already up to date.

INFO  2022-05-19 22:02:19,163 [1] Microsoft.EntityFrameworkCore.Infrastructure - Entity Framework Core 5.0.9 initialized 'PatientDbContext' using provider 'Microsoft.EntityFrameworkCore.SqlServer' with options: None

INFO  2022-05-19 22:02:19,170 [1] Microsoft.EntityFrameworkCore.Database.Command - Executed DbCommand (1ms) [Parameters=[], CommandType='Text', CommandTimeout='30']
SELECT 1

INFO  2022-05-19 22:02:19,173 [1] Microsoft.EntityFrameworkCore.Database.Command - Executed DbCommand (1ms) [Parameters=[], CommandType='Text', CommandTimeout='30']
SELECT OBJECT_ID(N'[__EFMigrationsHistory]');

INFO  2022-05-19 22:02:19,176 [1] Microsoft.EntityFrameworkCore.Database.Command - Executed DbCommand (1ms) [Parameters=[], CommandType='Text', CommandTimeout='30']
SELECT 1

INFO  2022-05-19 22:02:19,180 [1] Microsoft.EntityFrameworkCore.Database.Command - Executed DbCommand (1ms) [Parameters=[], CommandType='Text', CommandTimeout='30']
SELECT OBJECT_ID(N'[__EFMigrationsHistory]');

INFO  2022-05-19 22:02:19,185 [1] Microsoft.EntityFrameworkCore.Database.Command - Executed DbCommand (0ms) [Parameters=[], CommandType='Text', CommandTimeout='30']
SELECT [MigrationId], [ProductVersion]
FROM [__EFMigrationsHistory]
ORDER BY [MigrationId];

INFO  2022-05-19 22:02:19,191 [1] Microsoft.EntityFrameworkCore.Migrations - No migrations were applied. The database is already up to date.

INFO  2022-05-19 22:02:19,665 [1] Microsoft.AspNetCore.DataProtection.KeyManagement.XmlKeyManager - User profile is available. Using 'D:\Users\pratapsingh_amrendra\AppData\Local\ASP.NET\DataProtection-Keys' as key repository and Windows DPAPI to encrypt keys at rest.

INFO  2022-05-19 22:02:19,787 [1] Microsoft.EntityFrameworkCore.Infrastructure - Entity Framework Core 5.0.9 initialized 'PatientDbContext' using provider 'Microsoft.EntityFrameworkCore.SqlServer' with options: None

INFO  2022-05-19 22:02:20,138 [9] Microsoft.EntityFrameworkCore.Database.Command - Executed DbCommand (38ms) [Parameters=[@__normalizedRoleName_0='?' (Size = 4000)], CommandType='Text', CommandTimeout='30']
SELECT TOP(1) [r].[Id], [r].[RoleName]
FROM [Roles] AS [r]
WHERE [r].[RoleName] = @__normalizedRoleName_0

INFO  2022-05-19 22:02:20,160 [9] Microsoft.EntityFrameworkCore.Database.Command - Executed DbCommand (1ms) [Parameters=[@__normalizedRoleName_0='?' (Size = 4000)], CommandType='Text', CommandTimeout='30']
SELECT TOP(1) [r].[Id], [r].[RoleName]
FROM [Roles] AS [r]
WHERE [r].[RoleName] = @__normalizedRoleName_0

WARN  2022-05-19 22:02:20,369 [1] Microsoft.AspNetCore.Server.Kestrel - Unable to bind to http://localhost:5000 on the IPv4 loopback interface: 'An attempt was made to access a socket in a way forbidden by its access permissions.'.

WARN  2022-05-19 22:02:20,371 [1] Microsoft.AspNetCore.Server.Kestrel - Unable to bind to http://localhost:5000 on the IPv6 loopback interface: 'An attempt was made to access a socket in a way forbidden by its access permissions.'.

FATAL 2022-05-19 22:02:20,393 [1] Microsoft.AspNetCore.Server.Kestrel - Unable to start Kestrel.

System.IO.IOException: Failed to bind to address http://localhost:5000.
 ---> System.AggregateException: One or more errors occurred. (An attempt was made to access a socket in a way forbidden by its access permissions.) (An attempt was made to access a socket in a way forbidden by its access permissions.)
 ---> System.Net.Sockets.SocketException (10013): An attempt was made to access a socket in a way forbidden by its access permissions.
   at System.Net.Sockets.Socket.UpdateStatusAfterSocketErrorAndThrowException(SocketError error, String callerName)
   at System.Net.Sockets.Socket.DoBind(EndPoint endPointSnapshot, SocketAddress socketAddress)
   at System.Net.Sockets.Socket.Bind(EndPoint localEP)
   at Microsoft.AspNetCore.Server.Kestrel.Transport.Sockets.SocketConnectionListener.Bind()
   at Microsoft.AspNetCore.Server.Kestrel.Transport.Sockets.SocketTransportFactory.BindAsync(EndPoint endpoint, CancellationToken cancellationToken)
   at Microsoft.AspNetCore.Server.Kestrel.Core.KestrelServer.<>c__DisplayClass21_0`1.<<StartAsync>g__OnBind|0>d.MoveNext()
--- End of stack trace from previous location where exception was thrown ---
   at Microsoft.AspNetCore.Server.Kestrel.Core.Internal.AddressBinder.BindEndpointAsync(ListenOptions endpoint, AddressBindContext context)
   at Microsoft.AspNetCore.Server.Kestrel.Core.LocalhostListenOptions.BindAsync(AddressBindContext context)
   --- End of inner exception stack trace ---
 ---> (Inner Exception #1) System.Net.Sockets.SocketException (10013): An attempt was made to access a socket in a way forbidden by its access permissions.
   at System.Net.Sockets.Socket.UpdateStatusAfterSocketErrorAndThrowException(SocketError error, String callerName)
   at System.Net.Sockets.Socket.DoBind(EndPoint endPointSnapshot, SocketAddress socketAddress)
   at System.Net.Sockets.Socket.Bind(EndPoint localEP)
   at Microsoft.AspNetCore.Server.Kestrel.Transport.Sockets.SocketConnectionListener.Bind()
   at Microsoft.AspNetCore.Server.Kestrel.Transport.Sockets.SocketTransportFactory.BindAsync(EndPoint endpoint, CancellationToken cancellationToken)
   at Microsoft.AspNetCore.Server.Kestrel.Core.KestrelServer.<>c__DisplayClass21_0`1.<<StartAsync>g__OnBind|0>d.MoveNext()
--- End of stack trace from previous location where exception was thrown ---
   at Microsoft.AspNetCore.Server.Kestrel.Core.Internal.AddressBinder.BindEndpointAsync(ListenOptions endpoint, AddressBindContext context)
   at Microsoft.AspNetCore.Server.Kestrel.Core.LocalhostListenOptions.BindAsync(AddressBindContext context)<---

   --- End of inner exception stack trace ---
   at Microsoft.AspNetCore.Server.Kestrel.Core.LocalhostListenOptions.BindAsync(AddressBindContext context)
   at Microsoft.AspNetCore.Server.Kestrel.Core.Internal.AddressBinder.DefaultAddressStrategy.BindAsync(AddressBindContext context)
   at Microsoft.AspNetCore.Server.Kestrel.Core.Internal.AddressBinder.BindAsync(IServerAddressesFeature addresses, KestrelServerOptions serverOptions, ILogger logger, Func`2 createBinding)
   at Microsoft.AspNetCore.Server.Kestrel.Core.KestrelServer.StartAsync[TContext](IHttpApplication`1 application, CancellationToken cancellationToken)
INFO  2022-05-19 22:02:27,811 [1] System.Object - Start up time: 00:00:00.1191703

INFO  2022-05-19 22:02:33,558 [1] Microsoft.EntityFrameworkCore.Infrastructure - Entity Framework Core 5.0.9 initialized 'PatientDbContext' using provider 'Microsoft.EntityFrameworkCore.SqlServer' with options: None

INFO  2022-05-19 22:02:33,774 [1] Microsoft.EntityFrameworkCore.Database.Command - Executed DbCommand (21ms) [Parameters=[], CommandType='Text', CommandTimeout='30']
SELECT 1

INFO  2022-05-19 22:02:33,808 [1] Microsoft.EntityFrameworkCore.Database.Command - Executed DbCommand (19ms) [Parameters=[], CommandType='Text', CommandTimeout='30']
SELECT OBJECT_ID(N'[__EFMigrationsHistory]');

INFO  2022-05-19 22:02:33,815 [1] Microsoft.EntityFrameworkCore.Database.Command - Executed DbCommand (2ms) [Parameters=[], CommandType='Text', CommandTimeout='30']
SELECT 1

INFO  2022-05-19 22:02:33,818 [1] Microsoft.EntityFrameworkCore.Database.Command - Executed DbCommand (1ms) [Parameters=[], CommandType='Text', CommandTimeout='30']
SELECT OBJECT_ID(N'[__EFMigrationsHistory]');

INFO  2022-05-19 22:02:33,837 [1] Microsoft.EntityFrameworkCore.Database.Command - Executed DbCommand (2ms) [Parameters=[], CommandType='Text', CommandTimeout='30']
SELECT [MigrationId], [ProductVersion]
FROM [__EFMigrationsHistory]
ORDER BY [MigrationId];

INFO  2022-05-19 22:02:33,857 [1] Microsoft.EntityFrameworkCore.Migrations - No migrations were applied. The database is already up to date.

INFO  2022-05-19 22:02:33,868 [1] Microsoft.EntityFrameworkCore.Infrastructure - Entity Framework Core 5.0.9 initialized 'PatientDbContext' using provider 'Microsoft.EntityFrameworkCore.SqlServer' with options: None

INFO  2022-05-19 22:02:33,873 [1] Microsoft.EntityFrameworkCore.Database.Command - Executed DbCommand (1ms) [Parameters=[], CommandType='Text', CommandTimeout='30']
SELECT 1

INFO  2022-05-19 22:02:33,876 [1] Microsoft.EntityFrameworkCore.Database.Command - Executed DbCommand (1ms) [Parameters=[], CommandType='Text', CommandTimeout='30']
SELECT OBJECT_ID(N'[__EFMigrationsHistory]');

INFO  2022-05-19 22:02:33,878 [1] Microsoft.EntityFrameworkCore.Database.Command - Executed DbCommand (0ms) [Parameters=[], CommandType='Text', CommandTimeout='30']
SELECT 1

INFO  2022-05-19 22:02:33,883 [1] Microsoft.EntityFrameworkCore.Database.Command - Executed DbCommand (1ms) [Parameters=[], CommandType='Text', CommandTimeout='30']
SELECT OBJECT_ID(N'[__EFMigrationsHistory]');

INFO  2022-05-19 22:02:33,889 [1] Microsoft.EntityFrameworkCore.Database.Command - Executed DbCommand (1ms) [Parameters=[], CommandType='Text', CommandTimeout='30']
SELECT [MigrationId], [ProductVersion]
FROM [__EFMigrationsHistory]
ORDER BY [MigrationId];

INFO  2022-05-19 22:02:33,894 [1] Microsoft.EntityFrameworkCore.Migrations - No migrations were applied. The database is already up to date.

INFO  2022-05-19 22:02:34,410 [1] Microsoft.AspNetCore.DataProtection.KeyManagement.XmlKeyManager - User profile is available. Using 'D:\Users\pratapsingh_amrendra\AppData\Local\ASP.NET\DataProtection-Keys' as key repository and Windows DPAPI to encrypt keys at rest.

INFO  2022-05-19 22:02:34,534 [1] Microsoft.EntityFrameworkCore.Infrastructure - Entity Framework Core 5.0.9 initialized 'PatientDbContext' using provider 'Microsoft.EntityFrameworkCore.SqlServer' with options: None

INFO  2022-05-19 22:02:34,877 [12] Microsoft.EntityFrameworkCore.Database.Command - Executed DbCommand (36ms) [Parameters=[@__normalizedRoleName_0='?' (Size = 4000)], CommandType='Text', CommandTimeout='30']
SELECT TOP(1) [r].[Id], [r].[RoleName]
FROM [Roles] AS [r]
WHERE [r].[RoleName] = @__normalizedRoleName_0

INFO  2022-05-19 22:02:34,901 [12] Microsoft.EntityFrameworkCore.Database.Command - Executed DbCommand (1ms) [Parameters=[@__normalizedRoleName_0='?' (Size = 4000)], CommandType='Text', CommandTimeout='30']
SELECT TOP(1) [r].[Id], [r].[RoleName]
FROM [Roles] AS [r]
WHERE [r].[RoleName] = @__normalizedRoleName_0

WARN  2022-05-19 22:02:35,052 [1] Microsoft.AspNetCore.Server.Kestrel - Unable to bind to http://localhost:5000 on the IPv4 loopback interface: 'An attempt was made to access a socket in a way forbidden by its access permissions.'.

WARN  2022-05-19 22:02:35,055 [1] Microsoft.AspNetCore.Server.Kestrel - Unable to bind to http://localhost:5000 on the IPv6 loopback interface: 'An attempt was made to access a socket in a way forbidden by its access permissions.'.

FATAL 2022-05-19 22:02:35,075 [1] Microsoft.AspNetCore.Server.Kestrel - Unable to start Kestrel.

System.IO.IOException: Failed to bind to address http://localhost:5000.
 ---> System.AggregateException: One or more errors occurred. (An attempt was made to access a socket in a way forbidden by its access permissions.) (An attempt was made to access a socket in a way forbidden by its access permissions.)
 ---> System.Net.Sockets.SocketException (10013): An attempt was made to access a socket in a way forbidden by its access permissions.
   at System.Net.Sockets.Socket.UpdateStatusAfterSocketErrorAndThrowException(SocketError error, String callerName)
   at System.Net.Sockets.Socket.DoBind(EndPoint endPointSnapshot, SocketAddress socketAddress)
   at System.Net.Sockets.Socket.Bind(EndPoint localEP)
   at Microsoft.AspNetCore.Server.Kestrel.Transport.Sockets.SocketConnectionListener.Bind()
   at Microsoft.AspNetCore.Server.Kestrel.Transport.Sockets.SocketTransportFactory.BindAsync(EndPoint endpoint, CancellationToken cancellationToken)
   at Microsoft.AspNetCore.Server.Kestrel.Core.KestrelServer.<>c__DisplayClass21_0`1.<<StartAsync>g__OnBind|0>d.MoveNext()
--- End of stack trace from previous location where exception was thrown ---
   at Microsoft.AspNetCore.Server.Kestrel.Core.Internal.AddressBinder.BindEndpointAsync(ListenOptions endpoint, AddressBindContext context)
   at Microsoft.AspNetCore.Server.Kestrel.Core.LocalhostListenOptions.BindAsync(AddressBindContext context)
   --- End of inner exception stack trace ---
 ---> (Inner Exception #1) System.Net.Sockets.SocketException (10013): An attempt was made to access a socket in a way forbidden by its access permissions.
   at System.Net.Sockets.Socket.UpdateStatusAfterSocketErrorAndThrowException(SocketError error, String callerName)
   at System.Net.Sockets.Socket.DoBind(EndPoint endPointSnapshot, SocketAddress socketAddress)
   at System.Net.Sockets.Socket.Bind(EndPoint localEP)
   at Microsoft.AspNetCore.Server.Kestrel.Transport.Sockets.SocketConnectionListener.Bind()
   at Microsoft.AspNetCore.Server.Kestrel.Transport.Sockets.SocketTransportFactory.BindAsync(EndPoint endpoint, CancellationToken cancellationToken)
   at Microsoft.AspNetCore.Server.Kestrel.Core.KestrelServer.<>c__DisplayClass21_0`1.<<StartAsync>g__OnBind|0>d.MoveNext()
--- End of stack trace from previous location where exception was thrown ---
   at Microsoft.AspNetCore.Server.Kestrel.Core.Internal.AddressBinder.BindEndpointAsync(ListenOptions endpoint, AddressBindContext context)
   at Microsoft.AspNetCore.Server.Kestrel.Core.LocalhostListenOptions.BindAsync(AddressBindContext context)<---

   --- End of inner exception stack trace ---
   at Microsoft.AspNetCore.Server.Kestrel.Core.LocalhostListenOptions.BindAsync(AddressBindContext context)
   at Microsoft.AspNetCore.Server.Kestrel.Core.Internal.AddressBinder.DefaultAddressStrategy.BindAsync(AddressBindContext context)
   at Microsoft.AspNetCore.Server.Kestrel.Core.Internal.AddressBinder.BindAsync(IServerAddressesFeature addresses, KestrelServerOptions serverOptions, ILogger logger, Func`2 createBinding)
   at Microsoft.AspNetCore.Server.Kestrel.Core.KestrelServer.StartAsync[TContext](IHttpApplication`1 application, CancellationToken cancellationToken)
